#
# A fatal error has been detected by the Java Runtime Environment:
#
#  SIGSEGV (0xb) at pc=0x000000010311dfe4, pid=19795, tid=775
#
# JRE version: Java(TM) SE Runtime Environment (11.0.1+13) (build 11.0.1+13-LTS)
# Java VM: Java HotSpot(TM) 64-Bit Server VM (11.0.1+13-LTS, mixed mode, tiered, compressed oops, g1 gc, bsd-amd64)
# Problematic frame:
# V  [libjvm.dylib+0x71dfe4]  EnableIf<HasDecorator<1097844ull, MO_UNORDERED>::value, oopDesc*>::type RawAccessBarrier<1097844ull>::load_internal<1097844ull, oopDesc*>(void*)+0x4
#
# No core dump will be written. Core dumps have been disabled. To enable core dumping, try "ulimit -c unlimited" before starting Java again
#
# If you would like to submit a bug report, please visit:
#   http://bugreport.java.com/bugreport/crash.jsp
#

---------------  S U M M A R Y ------------

Command Line: -javaagent:/Applications/IntelliJ IDEA.app/Contents/lib/idea_rt.jar=49741:/Applications/IntelliJ IDEA.app/Contents/bin -Dfile.encoding=UTF-8 com.mygdx.game.desktop.DesktopLauncher

Host: MacBookAir7,2 x86_64 1600 MHz, 4 cores, 4G, Darwin 19.2.0
Time: Wed Nov 11 16:00:18 2020 GMT elapsed time: 3 seconds (0d 0h 0m 3s)

---------------  T H R E A D  ---------------

Current thread (0x00007fd21fb3f000):  JavaThread "AppKit Thread" daemon [_thread_in_vm, id=775, stack(0x00007ffeed2ad000,0x00007ffeedaad000)]

Stack: [0x00007ffeed2ad000,0x00007ffeedaad000],  sp=0x00007ffeedaa8e40,  free space=8175k
Native frames: (J=compiled Java code, A=aot compiled Java code, j=interpreted, Vv=VM code, C=native code)
V  [libjvm.dylib+0x71dfe4]  EnableIf<HasDecorator<1097844ull, MO_UNORDERED>::value, oopDesc*>::type RawAccessBarrier<1097844ull>::load_internal<1097844ull, oopDesc*>(void*)+0x4
V  [libjvm.dylib+0x71dfa9]  oopDesc* RawAccessBarrier<1097844ull>::oop_load<oopDesc*>(void*)+0x9
V  [libjvm.dylib+0x71e01b]  oopDesc* G1BarrierSet::AccessBarrier<1097844ull, G1BarrierSet>::oop_load_not_in_heap<oopDesc*>(oopDesc**)+0xb
V  [libjvm.dylib+0x3e2ada]  jni_GetObjectClass+0xd3
C  [liblwjgl.dylib+0xb3a7]  -[MacOSXOpenGLView scrollWheel:]+0x77
C  [AppKit+0x1e8e78]  -[NSWindow(NSEventRouting) _reallySendEvent:isDelayedEvent:]+0x1970
C  [AppKit+0x1e72e5]  -[NSWindow(NSEventRouting) sendEvent:]+0x15d
C  [AppKit+0x1e5de5]  -[NSApplication(NSEvent) sendEvent:]+0x8e9
C  [libosxapp.dylib+0x2b29]  -[NSApplicationAWT sendEvent:]+0x11f
C  [AppKit+0x313df]  -[NSApplication run]+0x2c3
C  [libosxapp.dylib+0x283b]  +[NSApplicationAWT runAWTLoopWithApp:]+0xde
C  [libawt_lwawt.dylib+0x383b1]  +[AWTStarter starter:headless:]+0x342
C  [JavaNativeFoundation+0x6ff9]  +[JNFRunLoop _performCopiedBlock:]+0xf
C  [Foundation+0x9c88b]  __NSThreadPerformPerform+0xfe
C  [CoreFoundation+0x84b21]  __CFRUNLOOP_IS_CALLING_OUT_TO_A_SOURCE0_PERFORM_FUNCTION__+0x11
C  [CoreFoundation+0x84ac0]  __CFRunLoopDoSource0+0x67
C  [CoreFoundation+0x848d4]  __CFRunLoopDoSources0+0xd1
C  [CoreFoundation+0x83740]  __CFRunLoopRun+0x4f8
C  [CoreFoundation+0x82bd3]  CFRunLoopRunSpecific+0x1f3
C  [java+0x63a5]  CreateExecutionEnvironment+0x190
C  [java+0x2523]  JLI_Launch+0x51f
C  [java+0x14dd]  main+0x16d
C  [libdyld.dylib+0x1a7fd]  start+0x1


siginfo: si_signo: 11 (SIGSEGV), si_code: 1 (SEGV_MAPERR), si_addr: 0x0000000000000000

Register to memory mapping:

RAX=0x0 is NULL
RBX=0x00007fd21fb3f000 is a thread
RCX=0x0000000000000201 is an unknown value
RDX=0x0 is NULL
RSP=0x00007ffeedaa8e40 is pointing into the stack for thread: 0x00007fd21fb3f000
RBP=0x00007ffeedaa8e40 is pointing into the stack for thread: 0x00007fd21fb3f000
RSI=0x0 is NULL
RDI=0x0 is NULL
R8 =0x0000000000000034 is an unknown value
R9 =0x0000000000000014 is an unknown value
R10=0x00007fff8947e968: _OBJC_LABEL_PROTOCOL_$_NSVisualTabPickerDelegate+0x864e8 in /System/Library/Frameworks/AppKit.framework/Versions/C/AppKit at 0x00007fff2e109000
R11=0x00007fff2e386ea2: -[NSEvent timestamp]+0 in /System/Library/Frameworks/AppKit.framework/Versions/C/AppKit at 0x00007fff2e109000
R12=0x00000000000000b0 is an unknown value
R13=0x00007fd21e5a4a20 points into unknown readable memory
R14=0x00007fd21fb3f340 points into unknown readable memory
R15=0x0 is NULL


Registers:
RAX=0x0000000000000000, RBX=0x00007fd21fb3f000, RCX=0x0000000000000201, RDX=0x0000000000000000
RSP=0x00007ffeedaa8e40, RBP=0x00007ffeedaa8e40, RSI=0x0000000000000000, RDI=0x0000000000000000
R8 =0x0000000000000034, R9 =0x0000000000000014, R10=0x00007fff8947e968, R11=0x00007fff2e386ea2
R12=0x00000000000000b0, R13=0x00007fd21e5a4a20, R14=0x00007fd21fb3f340, R15=0x0000000000000000
RIP=0x000000010311dfe4, EFLAGS=0x0000000000010246, ERR=0x0000000000000004
  TRAPNO=0x000000000000000e

Top of Stack: (sp=0x00007ffeedaa8e40)
0x00007ffeedaa8e40:   00007ffeedaa8e50 000000010311dfa9
0x00007ffeedaa8e50:   00007ffeedaa8e70 000000010311e01b
0x00007ffeedaa8e60:   0000000000000000 00007fd21fb3f000
0x00007ffeedaa8e70:   00007ffeedaa8ec0 0000000102de2ada
0x00007ffeedaa8e80:   00007fd21fb3f000 0000000000000000
0x00007ffeedaa8e90:   0000000000000000 0000000000000000
0x00007ffeedaa8ea0:   00007fd21fb3f000 00007fd21e691a90
0x00007ffeedaa8eb0:   00007fd21e5a2b50 00007fd21fb3f340
0x00007ffeedaa8ec0:   00007ffeedaa8f20 00000001249f53a7
0x00007ffeedaa8ed0:   0000000000000000 0000000000000000
0x00007ffeedaa8ee0:   0000000000000000 0000000000000000
0x00007ffeedaa8ef0:   40b64a7134fc3a67 00007fd21e5a8e10
0x00007ffeedaa8f00:   00000000000000b0 00007fd21e5a4a20
0x00007ffeedaa8f10:   00007fd21e5a2b50 00007fff72600b4a
0x00007ffeedaa8f20:   00007ffeedaa9350 00007fff2e2f1e78
0x00007ffeedaa8f30:   00007fd21e558880 00007ffeedaa8f50
0x00007ffeedaa8f40:   00007ffeedaa8fb0 00007fff30f67b95
0x00007ffeedaa8f50:   0000000000000000 00007fff30f67ac8
0x00007ffeedaa8f60:   00007fff89bdda70 0000000000000000
0x00007ffeedaa8f70:   0000000000000000 0000000000000000
0x00007ffeedaa8f80:   58238591507700df 0000000000000000
0x00007ffeedaa8f90:   00007fff2edef7aa 00007fd21e5a4a20
0x00007ffeedaa8fa0:   00007fff89bdda70 00007fff67264000
0x00007ffeedaa8fb0:   00007ffeedaa8fe0 00007fff30f679fe
0x00007ffeedaa8fc0:   00007fff89d14b18 00007fff2e3881ab
0x00007ffeedaa8fd0:   00000000000000b0 00007fd21e558880
0x00007ffeedaa8fe0:   00007ffeedaa9350 00007fff2e37ed9d
0x00007ffeedaa8ff0:   00007ffeedaa9020 00007fff30f07b3d
0x00007ffeedaa9000:   0000000000000010 00007fd21e50de00
0x00007ffeedaa9010:   00007ffeedaa90e0 00007ffeedaa90c0
0x00007ffeedaa9020:   00007ffeedaa9040 00007fff30f2bf94
0x00007ffeedaa9030:   0000000000000000 00007ffeedaa90e0 

Instructions: (pc=0x000000010311dfe4)
0x000000010311dfc4:   5d e9 16 00 00 00 66 0f 1f 44 00 00 55 48 89 e5
0x000000010311dfd4:   5d e9 16 00 00 00 66 0f 1f 44 00 00 55 48 89 e5
0x000000010311dfe4:   48 8b 07 5d c3 0f 1f 80 00 00 00 00 55 48 89 e5
0x000000010311dff4:   48 89 f8 5d c3 0f 1f 80 00 00 00 00 55 48 89 e5 


---------------  P R O C E S S  ---------------

Threads class SMR info:
_java_thread_list=0x00007fd21e614520, length=14, elements={
0x00007fd220052000, 0x00007fd220054800, 0x00007fd21e814800, 0x00007fd21f029000,
0x00007fd220069800, 0x00007fd21f844000, 0x00007fd21f024000, 0x00007fd21e815000,
0x00007fd21f821000, 0x00007fd22012b000, 0x00007fd21fb3f000, 0x00007fd2202df000,
0x00007fd21fb7b000, 0x00007fd21f014800
}

Java Threads: ( => current thread )
  0x00007fd220052000 JavaThread "Reference Handler" daemon [_thread_blocked, id=19203, stack(0x000070000796c000,0x0000700007a6c000)]
  0x00007fd220054800 JavaThread "Finalizer" daemon [_thread_blocked, id=13571, stack(0x0000700007a6f000,0x0000700007b6f000)]
  0x00007fd21e814800 JavaThread "Signal Dispatcher" daemon [_thread_blocked, id=16131, stack(0x0000700007c78000,0x0000700007d78000)]
  0x00007fd21f029000 JavaThread "C2 CompilerThread0" daemon [_thread_blocked, id=17411, stack(0x0000700007d7b000,0x0000700007e7b000)]
  0x00007fd220069800 JavaThread "C1 CompilerThread0" daemon [_thread_blocked, id=16899, stack(0x0000700007e7e000,0x0000700007f7e000)]
  0x00007fd21f844000 JavaThread "Sweeper thread" daemon [_thread_blocked, id=43267, stack(0x0000700007f81000,0x0000700008081000)]
  0x00007fd21f024000 JavaThread "Common-Cleaner" daemon [_thread_blocked, id=42755, stack(0x0000700008084000,0x0000700008184000)]
  0x00007fd21e815000 JavaThread "Monitor Ctrl-Break" daemon [_thread_in_native, id=23043, stack(0x0000700008187000,0x0000700008287000)]
  0x00007fd21f821000 JavaThread "Service Thread" daemon [_thread_blocked, id=42499, stack(0x000070000828a000,0x000070000838a000)]
  0x00007fd22012b000 JavaThread "Attach Listener" daemon [_thread_blocked, id=24323, stack(0x0000700008490000,0x0000700008590000)]
=>0x00007fd21fb3f000 JavaThread "AppKit Thread" daemon [_thread_in_vm, id=775, stack(0x00007ffeed2ad000,0x00007ffeedaad000)]
  0x00007fd2202df000 JavaThread "AWT-Shutdown" [_thread_blocked, id=34563, stack(0x0000700008616000,0x0000700008716000)]
  0x00007fd21fb7b000 JavaThread "LWJGL Application" [_thread_blocked, id=66311, stack(0x0000700008b31000,0x0000700008c31000)]
  0x00007fd21f014800 JavaThread "DestroyJavaVM" [_thread_blocked, id=10499, stack(0x0000700007257000,0x0000700007357000)]

Other Threads:
  0x00007fd21e816000 VMThread "VM Thread" [stack: 0x0000700007869000,0x0000700007969000] [id=19715]
  0x00007fd220124800 WatcherThread [stack: 0x000070000838d000,0x000070000848d000] [id=23811]
  0x00007fd21f00f000 GCTaskThread "GC Thread#0" [stack: 0x000070000735a000,0x000070000745a000] [id=11267]
  0x00007fd21f81b000 ConcurrentGCThread "G1 Main Marker" [stack: 0x000070000745d000,0x000070000755d000] [id=11779]
  0x00007fd21e801800 ConcurrentGCThread "G1 Conc#0" [stack: 0x0000700007560000,0x0000700007660000] [id=12035]
  0x00007fd21f820800 ConcurrentGCThread "G1 Refine#0" [stack: 0x0000700007663000,0x0000700007763000] [id=12547]
  0x00007fd220023800 ConcurrentGCThread "G1 Young RemSet Sampling" [stack: 0x0000700007766000,0x0000700007866000] [id=20227]

Threads with active compile tasks:
C2 CompilerThread0 772       4       java.util.zip.ZipFile$Source::getEntryPos (206 bytes)

VM state:synchronizing (normal execution)

VM Mutex/Monitor currently owned by a thread:  ([mutex/lock_event])
[0x00007fd21e611b60] Threads_lock - owner thread: 0x00007fd21e816000

Heap address: 0x00000007c0000000, size: 1024 MB, Compressed Oops mode: Zero based, Oop shift amount: 3
Narrow klass base: 0x0000000800000000, Narrow klass shift: 0
Compressed class space size: 1073741824 Address: 0x0000000800000000

Heap:
 garbage-first heap   total 65536K, used 11264K [0x00000007c0000000, 0x0000000800000000)
  region size 1024K, 12 young (12288K), 0 survivors (0K)
 Metaspace       used 10910K, capacity 11104K, committed 11392K, reserved 1058816K
  class space    used 1026K, capacity 1106K, committed 1152K, reserved 1048576K
Heap Regions: E=young(eden), S=young(survivor), O=old, HS=humongous(starts), HC=humongous(continues), CS=collection set, F=free, A=archive, TAMS=top-at-mark-start (previous, next)
|   0|0x00000007c0000000, 0x00000007c0000000, 0x00000007c0100000|  0%| F|  |TAMS 0x00000007c0000000, 0x00000007c0000000| Untracked 
|   1|0x00000007c0100000, 0x00000007c0100000, 0x00000007c0200000|  0%| F|  |TAMS 0x00000007c0100000, 0x00000007c0100000| Untracked 
|   2|0x00000007c0200000, 0x00000007c0200000, 0x00000007c0300000|  0%| F|  |TAMS 0x00000007c0200000, 0x00000007c0200000| Untracked 
|   3|0x00000007c0300000, 0x00000007c0300000, 0x00000007c0400000|  0%| F|  |TAMS 0x00000007c0300000, 0x00000007c0300000| Untracked 
|   4|0x00000007c0400000, 0x00000007c0400000, 0x00000007c0500000|  0%| F|  |TAMS 0x00000007c0400000, 0x00000007c0400000| Untracked 
|   5|0x00000007c0500000, 0x00000007c0500000, 0x00000007c0600000|  0%| F|  |TAMS 0x00000007c0500000, 0x00000007c0500000| Untracked 
|   6|0x00000007c0600000, 0x00000007c0600000, 0x00000007c0700000|  0%| F|  |TAMS 0x00000007c0600000, 0x00000007c0600000| Untracked 
|   7|0x00000007c0700000, 0x00000007c0700000, 0x00000007c0800000|  0%| F|  |TAMS 0x00000007c0700000, 0x00000007c0700000| Untracked 
|   8|0x00000007c0800000, 0x00000007c0800000, 0x00000007c0900000|  0%| F|  |TAMS 0x00000007c0800000, 0x00000007c0800000| Untracked 
|   9|0x00000007c0900000, 0x00000007c0900000, 0x00000007c0a00000|  0%| F|  |TAMS 0x00000007c0900000, 0x00000007c0900000| Untracked 
|  10|0x00000007c0a00000, 0x00000007c0a00000, 0x00000007c0b00000|  0%| F|  |TAMS 0x00000007c0a00000, 0x00000007c0a00000| Untracked 
|  11|0x00000007c0b00000, 0x00000007c0b00000, 0x00000007c0c00000|  0%| F|  |TAMS 0x00000007c0b00000, 0x00000007c0b00000| Untracked 
|  12|0x00000007c0c00000, 0x00000007c0c00000, 0x00000007c0d00000|  0%| F|  |TAMS 0x00000007c0c00000, 0x00000007c0c00000| Untracked 
|  13|0x00000007c0d00000, 0x00000007c0d00000, 0x00000007c0e00000|  0%| F|  |TAMS 0x00000007c0d00000, 0x00000007c0d00000| Untracked 
|  14|0x00000007c0e00000, 0x00000007c0e00000, 0x00000007c0f00000|  0%| F|  |TAMS 0x00000007c0e00000, 0x00000007c0e00000| Untracked 
|  15|0x00000007c0f00000, 0x00000007c0f00000, 0x00000007c1000000|  0%| F|  |TAMS 0x00000007c0f00000, 0x00000007c0f00000| Untracked 
|  16|0x00000007c1000000, 0x00000007c1000000, 0x00000007c1100000|  0%| F|  |TAMS 0x00000007c1000000, 0x00000007c1000000| Untracked 
|  17|0x00000007c1100000, 0x00000007c1100000, 0x00000007c1200000|  0%| F|  |TAMS 0x00000007c1100000, 0x00000007c1100000| Untracked 
|  18|0x00000007c1200000, 0x00000007c1200000, 0x00000007c1300000|  0%| F|  |TAMS 0x00000007c1200000, 0x00000007c1200000| Untracked 
|  19|0x00000007c1300000, 0x00000007c1300000, 0x00000007c1400000|  0%| F|  |TAMS 0x00000007c1300000, 0x00000007c1300000| Untracked 
|  20|0x00000007c1400000, 0x00000007c1400000, 0x00000007c1500000|  0%| F|  |TAMS 0x00000007c1400000, 0x00000007c1400000| Untracked 
|  21|0x00000007c1500000, 0x00000007c1500000, 0x00000007c1600000|  0%| F|  |TAMS 0x00000007c1500000, 0x00000007c1500000| Untracked 
|  22|0x00000007c1600000, 0x00000007c1600000, 0x00000007c1700000|  0%| F|  |TAMS 0x00000007c1600000, 0x00000007c1600000| Untracked 
|  23|0x00000007c1700000, 0x00000007c1700000, 0x00000007c1800000|  0%| F|  |TAMS 0x00000007c1700000, 0x00000007c1700000| Untracked 
|  24|0x00000007c1800000, 0x00000007c1800000, 0x00000007c1900000|  0%| F|  |TAMS 0x00000007c1800000, 0x00000007c1800000| Untracked 
|  25|0x00000007c1900000, 0x00000007c1900000, 0x00000007c1a00000|  0%| F|  |TAMS 0x00000007c1900000, 0x00000007c1900000| Untracked 
|  26|0x00000007c1a00000, 0x00000007c1a00000, 0x00000007c1b00000|  0%| F|  |TAMS 0x00000007c1a00000, 0x00000007c1a00000| Untracked 
|  27|0x00000007c1b00000, 0x00000007c1b00000, 0x00000007c1c00000|  0%| F|  |TAMS 0x00000007c1b00000, 0x00000007c1b00000| Untracked 
|  28|0x00000007c1c00000, 0x00000007c1c00000, 0x00000007c1d00000|  0%| F|  |TAMS 0x00000007c1c00000, 0x00000007c1c00000| Untracked 
|  29|0x00000007c1d00000, 0x00000007c1d00000, 0x00000007c1e00000|  0%| F|  |TAMS 0x00000007c1d00000, 0x00000007c1d00000| Untracked 
|  30|0x00000007c1e00000, 0x00000007c1e00000, 0x00000007c1f00000|  0%| F|  |TAMS 0x00000007c1e00000, 0x00000007c1e00000| Untracked 
|  31|0x00000007c1f00000, 0x00000007c1f00000, 0x00000007c2000000|  0%| F|  |TAMS 0x00000007c1f00000, 0x00000007c1f00000| Untracked 
|  32|0x00000007c2000000, 0x00000007c2000000, 0x00000007c2100000|  0%| F|  |TAMS 0x00000007c2000000, 0x00000007c2000000| Untracked 
|  33|0x00000007c2100000, 0x00000007c2100000, 0x00000007c2200000|  0%| F|  |TAMS 0x00000007c2100000, 0x00000007c2100000| Untracked 
|  34|0x00000007c2200000, 0x00000007c2200000, 0x00000007c2300000|  0%| F|  |TAMS 0x00000007c2200000, 0x00000007c2200000| Untracked 
|  35|0x00000007c2300000, 0x00000007c2300000, 0x00000007c2400000|  0%| F|  |TAMS 0x00000007c2300000, 0x00000007c2300000| Untracked 
|  36|0x00000007c2400000, 0x00000007c2400000, 0x00000007c2500000|  0%| F|  |TAMS 0x00000007c2400000, 0x00000007c2400000| Untracked 
|  37|0x00000007c2500000, 0x00000007c2500000, 0x00000007c2600000|  0%| F|  |TAMS 0x00000007c2500000, 0x00000007c2500000| Untracked 
|  38|0x00000007c2600000, 0x00000007c2600000, 0x00000007c2700000|  0%| F|  |TAMS 0x00000007c2600000, 0x00000007c2600000| Untracked 
|  39|0x00000007c2700000, 0x00000007c2700000, 0x00000007c2800000|  0%| F|  |TAMS 0x00000007c2700000, 0x00000007c2700000| Untracked 
|  40|0x00000007c2800000, 0x00000007c2800000, 0x00000007c2900000|  0%| F|  |TAMS 0x00000007c2800000, 0x00000007c2800000| Untracked 
|  41|0x00000007c2900000, 0x00000007c2900000, 0x00000007c2a00000|  0%| F|  |TAMS 0x00000007c2900000, 0x00000007c2900000| Untracked 
|  42|0x00000007c2a00000, 0x00000007c2a00000, 0x00000007c2b00000|  0%| F|  |TAMS 0x00000007c2a00000, 0x00000007c2a00000| Untracked 
|  43|0x00000007c2b00000, 0x00000007c2b00000, 0x00000007c2c00000|  0%| F|  |TAMS 0x00000007c2b00000, 0x00000007c2b00000| Untracked 
|  44|0x00000007c2c00000, 0x00000007c2c00000, 0x00000007c2d00000|  0%| F|  |TAMS 0x00000007c2c00000, 0x00000007c2c00000| Untracked 
|  45|0x00000007c2d00000, 0x00000007c2d00000, 0x00000007c2e00000|  0%| F|  |TAMS 0x00000007c2d00000, 0x00000007c2d00000| Untracked 
|  46|0x00000007c2e00000, 0x00000007c2e00000, 0x00000007c2f00000|  0%| F|  |TAMS 0x00000007c2e00000, 0x00000007c2e00000| Untracked 
|  47|0x00000007c2f00000, 0x00000007c2f00000, 0x00000007c3000000|  0%| F|  |TAMS 0x00000007c2f00000, 0x00000007c2f00000| Untracked 
|  48|0x00000007c3000000, 0x00000007c3000000, 0x00000007c3100000|  0%| F|  |TAMS 0x00000007c3000000, 0x00000007c3000000| Untracked 
|  49|0x00000007c3100000, 0x00000007c3100000, 0x00000007c3200000|  0%| F|  |TAMS 0x00000007c3100000, 0x00000007c3100000| Untracked 
|  50|0x00000007c3200000, 0x00000007c3200000, 0x00000007c3300000|  0%| F|  |TAMS 0x00000007c3200000, 0x00000007c3200000| Untracked 
|  51|0x00000007c3300000, 0x00000007c3300000, 0x00000007c3400000|  0%| F|  |TAMS 0x00000007c3300000, 0x00000007c3300000| Untracked 
|  52|0x00000007c3400000, 0x00000007c3448300, 0x00000007c3500000| 28%| E|  |TAMS 0x00000007c3400000, 0x00000007c3400000| Complete 
|  53|0x00000007c3500000, 0x00000007c3600000, 0x00000007c3600000|100%| E|CS|TAMS 0x00000007c3500000, 0x00000007c3500000| Complete 
|  54|0x00000007c3600000, 0x00000007c3700000, 0x00000007c3700000|100%| E|CS|TAMS 0x00000007c3600000, 0x00000007c3600000| Complete 
|  55|0x00000007c3700000, 0x00000007c3800000, 0x00000007c3800000|100%| E|CS|TAMS 0x00000007c3700000, 0x00000007c3700000| Complete 
|  56|0x00000007c3800000, 0x00000007c3900000, 0x00000007c3900000|100%| E|CS|TAMS 0x00000007c3800000, 0x00000007c3800000| Complete 
|  57|0x00000007c3900000, 0x00000007c3a00000, 0x00000007c3a00000|100%| E|CS|TAMS 0x00000007c3900000, 0x00000007c3900000| Complete 
|  58|0x00000007c3a00000, 0x00000007c3b00000, 0x00000007c3b00000|100%| E|CS|TAMS 0x00000007c3a00000, 0x00000007c3a00000| Complete 
|  59|0x00000007c3b00000, 0x00000007c3c00000, 0x00000007c3c00000|100%| E|CS|TAMS 0x00000007c3b00000, 0x00000007c3b00000| Complete 
|  60|0x00000007c3c00000, 0x00000007c3d00000, 0x00000007c3d00000|100%| E|CS|TAMS 0x00000007c3c00000, 0x00000007c3c00000| Complete 
|  61|0x00000007c3d00000, 0x00000007c3e00000, 0x00000007c3e00000|100%| E|CS|TAMS 0x00000007c3d00000, 0x00000007c3d00000| Complete 
|  62|0x00000007c3e00000, 0x00000007c3f00000, 0x00000007c3f00000|100%| E|CS|TAMS 0x00000007c3e00000, 0x00000007c3e00000| Complete 
|  63|0x00000007c3f00000, 0x00000007c4000000, 0x00000007c4000000|100%| E|CS|TAMS 0x00000007c3f00000, 0x00000007c3f00000| Complete 

Card table byte_map: [0x000000010c2f1000,0x000000010c4f1000] _byte_map_base: 0x00000001084f1000

Marking Bits (Prev, Next): (CMBitMap*) 0x00007fd21f816818, (CMBitMap*) 0x00007fd21f816850
 Prev Bits: [0x000000010c6f1000, 0x000000010d6f1000)
 Next Bits: [0x000000010d6f1000, 0x000000010e6f1000)

Polling page: 0x00000001021cd000

Metaspace:

Usage:
  Non-class:      9.76 MB capacity,     9.65 MB ( 99%) used,    97.35 KB ( <1%) free+waste,    16.62 KB ( <1%) overhead. 
      Class:      1.08 MB capacity,     1.00 MB ( 93%) used,    71.69 KB (  6%) free+waste,     7.81 KB ( <1%) overhead. 
       Both:     10.84 MB capacity,    10.65 MB ( 98%) used,   169.04 KB (  2%) free+waste,    24.44 KB ( <1%) overhead. 

Virtual space:
  Non-class space:       10.00 MB reserved,      10.00 MB (100%) committed 
      Class space:        1.00 GB reserved,       1.12 MB ( <1%) committed 
             Both:        1.01 GB reserved,      11.12 MB (  1%) committed 

Chunk freelists:
   Non-Class:  3.75 KB
       Class:  1.75 KB
        Both:  5.50 KB

CodeHeap 'non-profiled nmethods': size=120032Kb used=225Kb max_used=225Kb free=119806Kb
 bounds [0x000000011631c000, 0x000000011658c000, 0x000000011d854000]
CodeHeap 'profiled nmethods': size=120032Kb used=1343Kb max_used=1343Kb free=118688Kb
 bounds [0x000000010ede4000, 0x000000010f054000, 0x000000011631c000]
CodeHeap 'non-nmethods': size=5696Kb used=1084Kb max_used=1095Kb free=4611Kb
 bounds [0x000000010e854000, 0x000000010eac4000, 0x000000010ede4000]
 total_blobs=1323 nmethods=772 adapters=309
 compilation: enabled
              stopped_count=0, restarted_count=0
 full_count=0

Compilation events (10 events):
Event: 3.573 Thread 0x00007fd220069800  768       3       java.util.zip.ZipUtils::CENSIZ (9 bytes)
Event: 3.573 Thread 0x00007fd220069800 nmethod 768 0x000000010ef31290 code [0x000000010ef31460, 0x000000010ef31790]
Event: 3.574 Thread 0x00007fd21f029000 nmethod 769 0x0000000116354310 code [0x00000001163544a0, 0x0000000116354578]
Event: 3.641 Thread 0x00007fd220069800  770       3       java.util.WeakHashMap::remove (133 bytes)
Event: 3.643 Thread 0x00007fd220069800 nmethod 770 0x000000010ef31910 code [0x000000010ef31b60, 0x000000010ef326e8]
Event: 3.643 Thread 0x00007fd220069800  771       3       java.util.Properties::getProperty (50 bytes)
Event: 3.643 Thread 0x00007fd220069800 nmethod 771 0x000000010ef32b10 code [0x000000010ef32d00, 0x000000010ef33278]
Event: 3.677 Thread 0x00007fd21f029000  772       4       java.util.zip.ZipFile$Source::getEntryPos (206 bytes)
Event: 3.677 Thread 0x00007fd220069800  773       3       java.lang.String::equalsIgnoreCase (45 bytes)
Event: 3.679 Thread 0x00007fd220069800 nmethod 773 0x000000010ef33390 code [0x000000010ef335a0, 0x000000010ef33b48]

GC Heap History (0 events):
No events

Deoptimization events (2 events):
Event: 0.914 Thread 0x00007fd21f014800 Uncommon trap: reason=unstable_if action=reinterpret pc=0x0000000116327694 method=java.util.HashMap.putVal(ILjava/lang/Object;Ljava/lang/Object;ZZ)Ljava/lang/Object; @ 69 c2
Event: 1.959 Thread 0x00007fd21f014800 Uncommon trap: reason=unstable_if action=reinterpret pc=0x000000011633766c method=java.lang.String.startsWith(Ljava/lang/String;I)Z @ 1 c2

Classes redefined (0 events):
No events

Internal exceptions (10 events):
Event: 2.437 Thread 0x00007fd21f014800 Exception <a 'java/io/FileNotFoundException'{0x00000007c38e25a8}> (0x00000007c38e25a8) thrown at [/scratch/mesos/slaves/83bb4d84-382c-4ead-b585-d8ef0018fefe-S19331/frameworks/1735e8a2-a1db-478c-8104-60c8b0af87dd-0196/executors/452f932d-9761-444d-b125-c42e
Event: 2.455 Thread 0x00007fd21f014800 Exception <a 'java/lang/ClassNotFoundException'{0x00000007c38e44b0}: sun/awt/resources/spi/awtosxProvider> (0x00000007c38e44b0) thrown at [/scratch/mesos/slaves/83bb4d84-382c-4ead-b585-d8ef0018fefe-S19331/frameworks/1735e8a2-a1db-478c-8104-60c8b0af87dd-01
Event: 2.536 Thread 0x00007fd21f014800 Exception <a 'java/lang/NoSuchMethodError'{0x00000007c3727df0}: java.lang.invoke.DirectMethodHandle$Holder.invokeStatic(Ljava/lang/Object;Ljava/lang/Object;Ljava/lang/Object;Ljava/lang/Object;Ljava/lang/Object;Ljava/lang/Object;Ljava/lang/Object;Ljava/lan
Event: 2.544 Thread 0x00007fd21f014800 Exception <a 'java/lang/NoSuchMethodError'{0x00000007c3741ec8}: java.lang.invoke.DirectMethodHandle$Holder.invokeStatic(Ljava/lang/Object;Ljava/lang/Object;Ljava/lang/Object;Ljava/lang/Object;Ljava/lang/Object;Ljava/lang/Object;Ljava/lang/Object;Ljava/lan
Event: 3.145 Thread 0x00007fd21f014800 Exception <a 'java/security/PrivilegedActionException'{0x00000007c375c840}> (0x00000007c375c840) thrown at [/scratch/mesos/slaves/83bb4d84-382c-4ead-b585-d8ef0018fefe-S19331/frameworks/1735e8a2-a1db-478c-8104-60c8b0af87dd-0196/executors/452f932d-9761-444d
Event: 3.146 Thread 0x00007fd21f014800 Exception <a 'java/security/PrivilegedActionException'{0x00000007c375f258}> (0x00000007c375f258) thrown at [/scratch/mesos/slaves/83bb4d84-382c-4ead-b585-d8ef0018fefe-S19331/frameworks/1735e8a2-a1db-478c-8104-60c8b0af87dd-0196/executors/452f932d-9761-444d
Event: 3.146 Thread 0x00007fd21f014800 Exception <a 'java/security/PrivilegedActionException'{0x00000007c37602f8}> (0x00000007c37602f8) thrown at [/scratch/mesos/slaves/83bb4d84-382c-4ead-b585-d8ef0018fefe-S19331/frameworks/1735e8a2-a1db-478c-8104-60c8b0af87dd-0196/executors/452f932d-9761-444d
Event: 3.150 Thread 0x00007fd21f014800 Exception <a 'java/security/PrivilegedActionException'{0x00000007c37704a8}> (0x00000007c37704a8) thrown at [/scratch/mesos/slaves/83bb4d84-382c-4ead-b585-d8ef0018fefe-S19331/frameworks/1735e8a2-a1db-478c-8104-60c8b0af87dd-0196/executors/452f932d-9761-444d
Event: 3.150 Thread 0x00007fd21f014800 Exception <a 'java/security/PrivilegedActionException'{0x00000007c3771068}> (0x00000007c3771068) thrown at [/scratch/mesos/slaves/83bb4d84-382c-4ead-b585-d8ef0018fefe-S19331/frameworks/1735e8a2-a1db-478c-8104-60c8b0af87dd-0196/executors/452f932d-9761-444d
Event: 3.150 Thread 0x00007fd21f014800 Exception <a 'java/security/PrivilegedActionException'{0x00000007c3771be8}> (0x00000007c3771be8) thrown at [/scratch/mesos/slaves/83bb4d84-382c-4ead-b585-d8ef0018fefe-S19331/frameworks/1735e8a2-a1db-478c-8104-60c8b0af87dd-0196/executors/452f932d-9761-444d

Events (10 events):
Event: 3.675 Executing VM operation: RevokeBias
Event: 3.675 Executing VM operation: RevokeBias done
Event: 3.675 loading class org/lwjgl/input/OpenGLPackageAccess$2
Event: 3.675 loading class org/lwjgl/input/OpenGLPackageAccess$2 done
Event: 3.702 Executing VM operation: RevokeBias
Event: 3.702 Executing VM operation: RevokeBias done
Event: 3.704 Executing VM operation: RevokeBias
Event: 3.707 Executing VM operation: RevokeBias done
Event: 3.724 loading class org/lwjgl/opengl/ContextAttribs
Event: 3.724 loading class org/lwjgl/opengl/ContextAttribs done


Dynamic libraries:
0x00007fff2ff89000 	/System/Library/Frameworks/Cocoa.framework/Versions/A/Cocoa
0x00007fff3d555000 	/System/Library/Frameworks/Security.framework/Versions/A/Security
0x00007fff2ef14000 	/System/Library/Frameworks/ApplicationServices.framework/Versions/A/ApplicationServices
0x00007fff6793a000 	/usr/lib/libz.1.dylib
0x00007fff6540d000 	/usr/lib/libSystem.B.dylib
0x00007fff30eff000 	/System/Library/Frameworks/CoreFoundation.framework/Versions/A/CoreFoundation
0x00007fff335c4000 	/System/Library/Frameworks/Foundation.framework/Versions/C/Foundation
0x00007fff6725e000 	/usr/lib/libobjc.A.dylib
0x00007fff2e109000 	/System/Library/Frameworks/AppKit.framework/Versions/C/AppKit
0x00007fff30a0c000 	/System/Library/Frameworks/CoreData.framework/Versions/A/CoreData
0x00007fff61cb8000 	/System/Library/PrivateFrameworks/UIFoundation.framework/Versions/A/UIFoundation
0x00007fff5c4a3000 	/System/Library/PrivateFrameworks/RemoteViewServices.framework/Versions/A/RemoteViewServices
0x00007fff64748000 	/System/Library/PrivateFrameworks/XCTTargetBootstrap.framework/Versions/A/XCTTargetBootstrap
0x00007fff30def000 	/System/Library/Frameworks/CoreDisplay.framework/Versions/A/CoreDisplay
0x00007fff3633c000 	/System/Library/Frameworks/Metal.framework/Versions/A/Metal
0x00007fff4a8c4000 	/System/Library/PrivateFrameworks/DesktopServicesPriv.framework/Versions/A/DesktopServicesPriv
0x00007fff66543000 	/usr/lib/liblangid.dylib
0x00007fff49a1b000 	/System/Library/PrivateFrameworks/CoreSVG.framework/Versions/A/CoreSVG
0x00007fff5f265000 	/System/Library/PrivateFrameworks/SkyLight.framework/Versions/A/SkyLight
0x00007fff31381000 	/System/Library/Frameworks/CoreGraphics.framework/Versions/A/CoreGraphics
0x00007fff2cca8000 	/System/Library/Frameworks/Accelerate.framework/Versions/A/Accelerate
0x00007fff6782b000 	/usr/lib/libxml2.2.dylib
0x00007fff555e2000 	/System/Library/PrivateFrameworks/IconServices.framework/Versions/A/IconServices
0x00007fff33da8000 	/System/Library/Frameworks/IOSurface.framework/Versions/A/IOSurface
0x00007fff64f45000 	/usr/lib/libDiagnosticMessagesClient.dylib
0x00007fff4a73d000 	/System/Library/PrivateFrameworks/DFRFoundation.framework/Versions/A/DFRFoundation
0x00007fff662d1000 	/usr/lib/libicucore.A.dylib
0x00007fff2f246000 	/System/Library/Frameworks/AudioToolbox.framework/Versions/A/AudioToolbox
0x00007fff2f328000 	/System/Library/Frameworks/AudioUnit.framework/Versions/A/AudioUnit
0x00007fff6560e000 	/usr/lib/libauto.dylib
0x00007fff4a7be000 	/System/Library/PrivateFrameworks/DataDetectorsCore.framework/Versions/A/DataDetectorsCore
0x00007fff2faa9000 	/System/Library/Frameworks/Carbon.framework/Versions/A/Frameworks/HIToolbox.framework/Versions/A/HIToolbox
0x00007fff3c787000 	/System/Library/Frameworks/QuartzCore.framework/Versions/A/QuartzCore
0x00007fff2fde8000 	/System/Library/Frameworks/Carbon.framework/Versions/A/Frameworks/SpeechRecognition.framework/Versions/A/SpeechRecognition
0x00007fff4a0c3000 	/System/Library/PrivateFrameworks/CoreUI.framework/Versions/A/CoreUI
0x00007fff30472000 	/System/Library/Frameworks/CoreAudio.framework/Versions/A/CoreAudio
0x00007fff3328c000 	/System/Library/Frameworks/DiskArbitration.framework/Versions/A/DiskArbitration
0x00007fff575f6000 	/System/Library/PrivateFrameworks/MultitouchSupport.framework/Versions/A/MultitouchSupport
0x00007fff66197000 	/usr/lib/libenergytrace.dylib
0x00007fff33d03000 	/System/Library/Frameworks/IOKit.framework/Versions/A/IOKit
0x00007fff322ef000 	/System/Library/Frameworks/CoreServices.framework/Versions/A/CoreServices
0x00007fff59700000 	/System/Library/PrivateFrameworks/PerformanceAnalysis.framework/Versions/A/PerformanceAnalysis
0x00007fff3b7bd000 	/System/Library/Frameworks/OpenGL.framework/Versions/A/OpenGL
0x00007fff2ff97000 	/System/Library/Frameworks/ColorSync.framework/Versions/A/ColorSync
0x00007fff31a08000 	/System/Library/Frameworks/CoreImage.framework/Versions/A/CoreImage
0x00007fff32d65000 	/System/Library/Frameworks/CoreText.framework/Versions/A/CoreText
0x00007fff33e2e000 	/System/Library/Frameworks/ImageIO.framework/Versions/A/ImageIO
0x00007fff656f3000 	/usr/lib/libc++.1.dylib
0x00007fff6576f000 	/usr/lib/libcompression.dylib
0x00007fff65287000 	/usr/lib/libMobileGestalt.dylib
0x00007fff60d9a000 	/System/Library/PrivateFrameworks/TextureIO.framework/Versions/A/TextureIO
0x00007fff65574000 	/usr/lib/libate.dylib
0x00007fff557eb000 	/System/Library/PrivateFrameworks/InternationalSupport.framework/Versions/A/InternationalSupport
0x00007fff683b0000 	/usr/lib/system/libcache.dylib
0x00007fff683b6000 	/usr/lib/system/libcommonCrypto.dylib
0x00007fff683c2000 	/usr/lib/system/libcompiler_rt.dylib
0x00007fff683ca000 	/usr/lib/system/libcopyfile.dylib
0x00007fff683d4000 	/usr/lib/system/libcorecrypto.dylib
0x00007fff68582000 	/usr/lib/system/libdispatch.dylib
0x00007fff685c4000 	/usr/lib/system/libdyld.dylib
0x00007fff685fa000 	/usr/lib/system/libkeymgr.dylib
0x00007fff68608000 	/usr/lib/system/liblaunch.dylib
0x00007fff68609000 	/usr/lib/system/libmacho.dylib
0x00007fff6860f000 	/usr/lib/system/libquarantine.dylib
0x00007fff68612000 	/usr/lib/system/libremovefile.dylib
0x00007fff68614000 	/usr/lib/system/libsystem_asl.dylib
0x00007fff6862c000 	/usr/lib/system/libsystem_blocks.dylib
0x00007fff6862d000 	/usr/lib/system/libsystem_c.dylib
0x00007fff686b5000 	/usr/lib/system/libsystem_configuration.dylib
0x00007fff686b9000 	/usr/lib/system/libsystem_coreservices.dylib
0x00007fff686bd000 	/usr/lib/system/libsystem_darwin.dylib
0x00007fff686c6000 	/usr/lib/system/libsystem_dnssd.dylib
0x00007fff686ce000 	/usr/lib/system/libsystem_featureflags.dylib
0x00007fff686d0000 	/usr/lib/system/libsystem_info.dylib
0x00007fff6874b000 	/usr/lib/system/libsystem_m.dylib
0x00007fff68793000 	/usr/lib/system/libsystem_malloc.dylib
0x00007fff687bb000 	/usr/lib/system/libsystem_networkextension.dylib
0x00007fff687c9000 	/usr/lib/system/libsystem_notify.dylib
0x00007fff687e8000 	/usr/lib/system/libsystem_sandbox.dylib
0x00007fff687ed000 	/usr/lib/system/libsystem_secinit.dylib
0x00007fff6871e000 	/usr/lib/system/libsystem_kernel.dylib
0x00007fff687d3000 	/usr/lib/system/libsystem_platform.dylib
0x00007fff687dd000 	/usr/lib/system/libsystem_pthread.dylib
0x00007fff687f0000 	/usr/lib/system/libsystem_symptoms.dylib
0x00007fff687f8000 	/usr/lib/system/libsystem_trace.dylib
0x00007fff68810000 	/usr/lib/system/libunwind.dylib
0x00007fff68816000 	/usr/lib/system/libxpc.dylib
0x00007fff65747000 	/usr/lib/libc++abi.dylib
0x00007fff66545000 	/usr/lib/liblzma.5.dylib
0x00007fff661bf000 	/usr/lib/libfakelink.dylib
0x00007fff65501000 	/usr/lib/libarchive.2.dylib
0x00007fff3e6f5000 	/System/Library/Frameworks/SystemConfiguration.framework/Versions/A/SystemConfiguration
0x00007fff64e76000 	/usr/lib/libCRFSuite.dylib
0x00007fff2f69e000 	/System/Library/Frameworks/CFNetwork.framework/Versions/A/CFNetwork
0x00007fff656d5000 	/usr/lib/libbsm.0.dylib
0x00007fff685fb000 	/usr/lib/system/libkxld.dylib
0x00007fff441ff000 	/System/Library/PrivateFrameworks/AppleFSCompression.framework/Versions/A/AppleFSCompression
0x00007fff65a56000 	/usr/lib/libcoretls.dylib
0x00007fff65a6d000 	/usr/lib/libcoretls_cfhelpers.dylib
0x00007fff672a2000 	/usr/lib/libpam.2.dylib
0x00007fff673d5000 	/usr/lib/libsqlite3.dylib
0x00007fff67818000 	/usr/lib/libxar.1.dylib
0x00007fff656e6000 	/usr/lib/libbz2.1.0.dylib
0x00007fff661e0000 	/usr/lib/libiconv.2.dylib
0x00007fff6575c000 	/usr/lib/libcharset.1.dylib
0x00007fff66d49000 	/usr/lib/libnetwork.dylib
0x00007fff672a9000 	/usr/lib/libpcap.A.dylib
0x00007fff654b6000 	/usr/lib/libapple_nghttp2.dylib
0x00007fff326a6000 	/System/Library/Frameworks/CoreServices.framework/Versions/A/Frameworks/FSEvents.framework/Versions/A/FSEvents
0x00007fff32376000 	/System/Library/Frameworks/CoreServices.framework/Versions/A/Frameworks/CarbonCore.framework/Versions/A/CarbonCore
0x00007fff328e9000 	/System/Library/Frameworks/CoreServices.framework/Versions/A/Frameworks/Metadata.framework/Versions/A/Metadata
0x00007fff32982000 	/System/Library/Frameworks/CoreServices.framework/Versions/A/Frameworks/OSServices.framework/Versions/A/OSServices
0x00007fff329b0000 	/System/Library/Frameworks/CoreServices.framework/Versions/A/Frameworks/SearchKit.framework/Versions/A/SearchKit
0x00007fff322f0000 	/System/Library/Frameworks/CoreServices.framework/Versions/A/Frameworks/AE.framework/Versions/A/AE
0x00007fff326af000 	/System/Library/Frameworks/CoreServices.framework/Versions/A/Frameworks/LaunchServices.framework/Versions/A/LaunchServices
0x00007fff32658000 	/System/Library/Frameworks/CoreServices.framework/Versions/A/Frameworks/DictionaryServices.framework/Versions/A/DictionaryServices
0x00007fff32a18000 	/System/Library/Frameworks/CoreServices.framework/Versions/A/Frameworks/SharedFileList.framework/Versions/A/SharedFileList
0x00007fff37611000 	/System/Library/Frameworks/NetFS.framework/Versions/A/NetFS
0x00007fff57b23000 	/System/Library/PrivateFrameworks/NetAuth.framework/Versions/A/NetAuth
0x00007fff64b13000 	/System/Library/PrivateFrameworks/login.framework/Versions/A/Frameworks/loginsupport.framework/Versions/A/loginsupport
0x00007fff60895000 	/System/Library/PrivateFrameworks/TCC.framework/Versions/A/TCC
0x00007fff48dea000 	/System/Library/PrivateFrameworks/CoreNLP.framework/Versions/A/CoreNLP
0x00007fff57026000 	/System/Library/PrivateFrameworks/MetadataUtilities.framework/Versions/A/MetadataUtilities
0x00007fff6661d000 	/usr/lib/libmecabra.dylib
0x00007fff66575000 	/usr/lib/libmecab.dylib
0x00007fff661d0000 	/usr/lib/libgermantok.dylib
0x00007fff6549d000 	/usr/lib/libThaiTokenizer.dylib
0x00007fff64eae000 	/usr/lib/libChineseTokenizer.dylib
0x00007fff2ccc0000 	/System/Library/Frameworks/Accelerate.framework/Versions/A/Frameworks/vImage.framework/Versions/A/vImage
0x00007fff2df63000 	/System/Library/Frameworks/Accelerate.framework/Versions/A/Frameworks/vecLib.framework/Versions/A/vecLib
0x00007fff2dea7000 	/System/Library/Frameworks/Accelerate.framework/Versions/A/Frameworks/vecLib.framework/Versions/A/libvMisc.dylib
0x00007fff2dccd000 	/System/Library/Frameworks/Accelerate.framework/Versions/A/Frameworks/vecLib.framework/Versions/A/libvDSP.dylib
0x00007fff2d32c000 	/System/Library/Frameworks/Accelerate.framework/Versions/A/Frameworks/vecLib.framework/Versions/A/libBLAS.dylib
0x00007fff2d887000 	/System/Library/Frameworks/Accelerate.framework/Versions/A/Frameworks/vecLib.framework/Versions/A/libLAPACK.dylib
0x00007fff2dc2d000 	/System/Library/Frameworks/Accelerate.framework/Versions/A/Frameworks/vecLib.framework/Versions/A/libLinearAlgebra.dylib
0x00007fff2dcba000 	/System/Library/Frameworks/Accelerate.framework/Versions/A/Frameworks/vecLib.framework/Versions/A/libSparseBLAS.dylib
0x00007fff2dc43000 	/System/Library/Frameworks/Accelerate.framework/Versions/A/Frameworks/vecLib.framework/Versions/A/libQuadrature.dylib
0x00007fff2d596000 	/System/Library/Frameworks/Accelerate.framework/Versions/A/Frameworks/vecLib.framework/Versions/A/libBNNS.dylib
0x00007fff2dc49000 	/System/Library/Frameworks/Accelerate.framework/Versions/A/Frameworks/vecLib.framework/Versions/A/libSparse.dylib
0x00007fff55baa000 	/System/Library/PrivateFrameworks/LanguageModeling.framework/Versions/A/LanguageModeling
0x00007fff48786000 	/System/Library/PrivateFrameworks/CoreEmoji.framework/Versions/A/CoreEmoji
0x00007fff55cc8000 	/System/Library/PrivateFrameworks/LinguisticData.framework/Versions/A/LinguisticData
0x00007fff55c79000 	/System/Library/PrivateFrameworks/Lexicon.framework/Versions/A/Lexicon
0x00007fff6575d000 	/usr/lib/libcmph.dylib
0x00007fff3a1e3000 	/System/Library/Frameworks/OpenDirectory.framework/Versions/A/Frameworks/CFOpenDirectory.framework/Versions/A/CFOpenDirectory
0x00007fff3a200000 	/System/Library/Frameworks/OpenDirectory.framework/Versions/A/OpenDirectory
0x00007fff424ce000 	/System/Library/PrivateFrameworks/APFS.framework/Versions/A/APFS
0x00007fff3d8a8000 	/System/Library/Frameworks/SecurityFoundation.framework/Versions/A/SecurityFoundation
0x00007fff67814000 	/usr/lib/libutil.dylib
0x00007fff49a73000 	/System/Library/PrivateFrameworks/CoreServicesStore.framework/Versions/A/CoreServicesStore
0x00007fff3d960000 	/System/Library/Frameworks/ServiceManagement.framework/Versions/A/ServiceManagement
0x00007fff459b6000 	/System/Library/PrivateFrameworks/BackgroundTaskManagement.framework/Versions/A/BackgroundTaskManagement
0x00007fff67911000 	/usr/lib/libxslt.1.dylib
0x00007fff44864000 	/System/Library/PrivateFrameworks/AppleSystemInfo.framework/Versions/A/AppleSystemInfo
0x00007fff3404b000 	/System/Library/Frameworks/ImageIO.framework/Versions/A/Resources/libJPEG.dylib
0x00007fff3430a000 	/System/Library/Frameworks/ImageIO.framework/Versions/A/Resources/libTIFF.dylib
0x00007fff342ed000 	/System/Library/Frameworks/ImageIO.framework/Versions/A/Resources/libPng.dylib
0x00007fff33f8c000 	/System/Library/Frameworks/ImageIO.framework/Versions/A/Resources/libGIF.dylib
0x00007fff33f90000 	/System/Library/Frameworks/ImageIO.framework/Versions/A/Resources/libJP2.dylib
0x00007fff34308000 	/System/Library/Frameworks/ImageIO.framework/Versions/A/Resources/libRadiance.dylib
0x00007fff66198000 	/usr/lib/libexpat.1.dylib
0x00007fff4435a000 	/System/Library/PrivateFrameworks/AppleJPEG.framework/Versions/A/AppleJPEG
0x00007fff4cce0000 	/System/Library/PrivateFrameworks/FontServices.framework/libFontParser.dylib
0x00007fff63b6a000 	/System/Library/PrivateFrameworks/WatchdogClient.framework/Versions/A/WatchdogClient
0x00007fff55237000 	/System/Library/PrivateFrameworks/IOAccelerator.framework/Versions/A/IOAccelerator
0x00007fff366ca000 	/System/Library/Frameworks/MetalPerformanceShaders.framework/Versions/A/MetalPerformanceShaders
0x00007fff51a2e000 	/System/Library/PrivateFrameworks/GPUWrangler.framework/Versions/A/GPUWrangler
0x00007fff55242000 	/System/Library/PrivateFrameworks/IOPresentment.framework/Versions/A/IOPresentment
0x00007fff4a750000 	/System/Library/PrivateFrameworks/DSExternalDisplay.framework/Versions/A/DSExternalDisplay
0x00007fff3ab69000 	/System/Library/Frameworks/OpenGL.framework/Versions/A/Libraries/libCoreFSCache.dylib
0x00007fff3641c000 	/System/Library/Frameworks/MetalPerformanceShaders.framework/Frameworks/MPSCore.framework/Versions/A/MPSCore
0x00007fff36459000 	/System/Library/Frameworks/MetalPerformanceShaders.framework/Frameworks/MPSImage.framework/Versions/A/MPSImage
0x00007fff3651b000 	/System/Library/Frameworks/MetalPerformanceShaders.framework/Frameworks/MPSNeuralNetwork.framework/Versions/A/MPSNeuralNetwork
0x00007fff364e0000 	/System/Library/Frameworks/MetalPerformanceShaders.framework/Frameworks/MPSMatrix.framework/Versions/A/MPSMatrix
0x00007fff3667b000 	/System/Library/Frameworks/MetalPerformanceShaders.framework/Frameworks/MPSRayIntersector.framework/Versions/A/MPSRayIntersector
0x00007fff36505000 	/System/Library/Frameworks/MetalPerformanceShaders.framework/Frameworks/MPSNDArray.framework/Versions/A/MPSNDArray
0x00007fff57073000 	/System/Library/PrivateFrameworks/MetalTools.framework/Versions/A/MetalTools
0x00007fff43685000 	/System/Library/PrivateFrameworks/AggregateDictionary.framework/Versions/A/AggregateDictionary
0x00007fff48210000 	/System/Library/PrivateFrameworks/CoreAnalytics.framework/Versions/A/CoreAnalytics
0x00007fff44782000 	/System/Library/PrivateFrameworks/AppleSauce.framework/Versions/A/AppleSauce
0x00007fff6516a000 	/usr/lib/libIOReport.dylib
0x00007fff32f1a000 	/System/Library/Frameworks/CoreVideo.framework/Versions/A/CoreVideo
0x00007fff52e9a000 	/System/Library/PrivateFrameworks/GraphVisualizer.framework/Versions/A/GraphVisualizer
0x00007fff4c261000 	/System/Library/PrivateFrameworks/FaceCore.framework/Versions/A/FaceCore
0x00007fff3a18a000 	/System/Library/Frameworks/OpenCL.framework/Versions/A/OpenCL
0x00007fff64f8c000 	/usr/lib/libFosl_dynamic.dylib
0x00007fff5851e000 	/System/Library/PrivateFrameworks/OTSVG.framework/Versions/A/OTSVG
0x00007fff2f019000 	/System/Library/Frameworks/ApplicationServices.framework/Versions/A/Frameworks/ATS.framework/Versions/A/Resources/libFontRegistry.dylib
0x00007fff4ceb1000 	/System/Library/PrivateFrameworks/FontServices.framework/libhvf.dylib
0x00007fff3ab74000 	/System/Library/Frameworks/OpenGL.framework/Versions/A/Libraries/libGFXShared.dylib
0x00007fff3ad51000 	/System/Library/Frameworks/OpenGL.framework/Versions/A/Libraries/libGLU.dylib
0x00007fff3ab7d000 	/System/Library/Frameworks/OpenGL.framework/Versions/A/Libraries/libGL.dylib
0x00007fff3ab88000 	/System/Library/Frameworks/OpenGL.framework/Versions/A/Libraries/libGLImage.dylib
0x00007fff3ab66000 	/System/Library/Frameworks/OpenGL.framework/Versions/A/Libraries/libCVMSPluginSupport.dylib
0x00007fff3ab6f000 	/System/Library/Frameworks/OpenGL.framework/Versions/A/Libraries/libCoreVMClient.dylib
0x00007fff66beb000 	/usr/lib/libncurses.5.4.dylib
0x00007fff2ef15000 	/System/Library/Frameworks/ApplicationServices.framework/Versions/A/Frameworks/ATS.framework/Versions/A/ATS
0x00007fff2f0e2000 	/System/Library/Frameworks/ApplicationServices.framework/Versions/A/Frameworks/ColorSyncLegacy.framework/Versions/A/ColorSyncLegacy
0x00007fff2f181000 	/System/Library/Frameworks/ApplicationServices.framework/Versions/A/Frameworks/HIServices.framework/Versions/A/HIServices
0x00007fff2f1d8000 	/System/Library/Frameworks/ApplicationServices.framework/Versions/A/Frameworks/LangAnalysis.framework/Versions/A/LangAnalysis
0x00007fff2f1e7000 	/System/Library/Frameworks/ApplicationServices.framework/Versions/A/Frameworks/PrintCore.framework/Versions/A/PrintCore
0x00007fff2f22d000 	/System/Library/Frameworks/ApplicationServices.framework/Versions/A/Frameworks/QD.framework/Versions/A/QD
0x00007fff2f238000 	/System/Library/Frameworks/ApplicationServices.framework/Versions/A/Frameworks/SpeechSynthesis.framework/Versions/A/SpeechSynthesis
0x00007fff2f0b2000 	/System/Library/Frameworks/ApplicationServices.framework/Versions/A/Frameworks/ATSUI.framework/Versions/A/ATSUI
0x00007fff6602c000 	/usr/lib/libcups.2.dylib
0x00007fff35779000 	/System/Library/Frameworks/Kerberos.framework/Versions/A/Kerberos
0x00007fff339f9000 	/System/Library/Frameworks/GSS.framework/Versions/A/GSS
0x00007fff67361000 	/usr/lib/libresolv.9.dylib
0x00007fff5303b000 	/System/Library/PrivateFrameworks/Heimdal.framework/Versions/A/Heimdal
0x00007fff3578c000 	/System/Library/Frameworks/Kerberos.framework/Versions/A/Libraries/libHeimdalProxy.dylib
0x00007fff661d6000 	/usr/lib/libheimdal-asn1.dylib
0x00007fff476b6000 	/System/Library/PrivateFrameworks/CommonAuth.framework/Versions/A/CommonAuth
0x00007fff44901000 	/System/Library/PrivateFrameworks/AssertionServices.framework/Versions/A/AssertionServices
0x00007fff454a4000 	/System/Library/PrivateFrameworks/AudioToolboxCore.framework/Versions/A/AudioToolboxCore
0x00007fff647c4000 	/System/Library/PrivateFrameworks/caulk.framework/Versions/A/caulk
0x00007fff45a62000 	/System/Library/PrivateFrameworks/BaseBoard.framework/Versions/A/BaseBoard
0x00007fff5c632000 	/System/Library/PrivateFrameworks/RunningBoardServices.framework/Versions/A/RunningBoardServices
0x00007fff5970c000 	/System/Library/PrivateFrameworks/PersistentConnection.framework/Versions/A/PersistentConnection
0x00007fff5c081000 	/System/Library/PrivateFrameworks/ProtocolBuffer.framework/Versions/A/ProtocolBuffer
0x00007fff476db000 	/System/Library/PrivateFrameworks/CommonUtilities.framework/Versions/A/CommonUtilities
0x00007fff45be5000 	/System/Library/PrivateFrameworks/Bom.framework/Versions/A/Bom
0x00007fff64e39000 	/usr/lib/libAudioToolboxUtility.dylib
0x00007fff459c0000 	/System/Library/PrivateFrameworks/Backup.framework/Versions/A/Backup
0x00007fff4a4c0000 	/System/Library/PrivateFrameworks/CrashReporterSupport.framework/Versions/A/CrashReporterSupport
0x00007fff5e129000 	/System/Library/PrivateFrameworks/Sharing.framework/Versions/A/Sharing
0x00007fff440a5000 	/System/Library/PrivateFrameworks/Apple80211.framework/Versions/A/Apple80211
0x00007fff456e2000 	/System/Library/PrivateFrameworks/AuthKit.framework/Versions/A/AuthKit
0x00007fff4a1f0000 	/System/Library/PrivateFrameworks/CoreUtils.framework/Versions/A/CoreUtils
0x00007fff32f5f000 	/System/Library/Frameworks/CoreWLAN.framework/Versions/A/CoreWLAN
0x00007fff33b84000 	/System/Library/Frameworks/IOBluetooth.framework/Versions/A/IOBluetooth
0x00007fff57371000 	/System/Library/PrivateFrameworks/MobileKeyBag.framework/Versions/A/MobileKeyBag
0x00007fff492c6000 	/System/Library/PrivateFrameworks/CorePhoneNumbers.framework/Versions/A/CorePhoneNumbers
0x00007fff4430d000 	/System/Library/PrivateFrameworks/AppleIDAuthSupport.framework/Versions/A/AppleIDAuthSupport
0x00007fff3761e000 	/System/Library/Frameworks/Network.framework/Versions/A/Network
0x00007fff55a32000 	/System/Library/PrivateFrameworks/KeychainCircle.framework/Versions/A/KeychainCircle
0x00007fff309d4000 	/System/Library/Frameworks/CoreBluetooth.framework/Versions/A/CoreBluetooth
0x00007fff5fda5000 	/System/Library/PrivateFrameworks/SpeechRecognitionCore.framework/Versions/A/SpeechRecognitionCore
0x0000000102a00000 	/Library/Java/JavaVirtualMachines/jdk-11.0.1.jdk/Contents/Home/lib/server/libjvm.dylib
0x000000010217c000 	/Library/Java/JavaVirtualMachines/jdk-11.0.1.jdk/Contents/Home/lib/libverify.dylib
0x0000000102188000 	/Library/Java/JavaVirtualMachines/jdk-11.0.1.jdk/Contents/Home/lib/libjava.dylib
0x00000001021cf000 	/Library/Java/JavaVirtualMachines/jdk-11.0.1.jdk/Contents/Home/lib/libinstrument.dylib
0x00000001021f6000 	/Library/Java/JavaVirtualMachines/jdk-11.0.1.jdk/Contents/Home/lib/libzip.dylib
0x00000001037ef000 	/Library/Java/JavaVirtualMachines/jdk-11.0.1.jdk/Contents/Home/lib/libjimage.dylib
0x0000000122229000 	/Library/Java/JavaVirtualMachines/jdk-11.0.1.jdk/Contents/Home/lib/libnio.dylib
0x0000000122237000 	/Library/Java/JavaVirtualMachines/jdk-11.0.1.jdk/Contents/Home/lib/libnet.dylib
0x00000001222d3000 	/Library/Java/JavaVirtualMachines/jdk-11.0.1.jdk/Contents/Home/lib/libextnet.dylib
0x00000001222e8000 	/private/var/folders/sl/7dwfb52x1xg4m1ry8xfnt4rr0000gn/T/libgdxIsabel/cdf099a0/libgdx64.dylib
0x0000000122378000 	/Library/Java/JavaVirtualMachines/jdk-11.0.1.jdk/Contents/Home/lib/libawt.dylib
0x0000000122412000 	/Library/Java/JavaVirtualMachines/jdk-11.0.1.jdk/Contents/Home/lib/libmlib_image.dylib
0x00007fff35762000 	/System/Library/Frameworks/JavaVM.framework/Versions/A/Frameworks/JavaNativeFoundation.framework/Versions/A/JavaNativeFoundation
0x00007fff3576b000 	/System/Library/Frameworks/JavaVM.framework/Versions/A/Frameworks/JavaRuntimeSupport.framework/Versions/A/JavaRuntimeSupport
0x00007fff35774000 	/System/Library/Frameworks/JavaVM.framework/Versions/A/JavaVM
0x00007fff55895000 	/System/Library/PrivateFrameworks/JavaLaunching.framework/Versions/A/JavaLaunching
0x00007fff2faa4000 	/System/Library/Frameworks/Carbon.framework/Versions/A/Carbon
0x00007fff49fa4000 	/System/Library/PrivateFrameworks/CoreSymbolication.framework/Versions/A/CoreSymbolication
0x00007fff2faa5000 	/System/Library/Frameworks/Carbon.framework/Versions/A/Frameworks/CommonPanels.framework/Versions/A/CommonPanels
0x00007fff2fd9e000 	/System/Library/Frameworks/Carbon.framework/Versions/A/Frameworks/Help.framework/Versions/A/Help
0x00007fff2fda2000 	/System/Library/Frameworks/Carbon.framework/Versions/A/Frameworks/ImageCapture.framework/Versions/A/ImageCapture
0x00007fff2fda9000 	/System/Library/Frameworks/Carbon.framework/Versions/A/Frameworks/OpenScripting.framework/Versions/A/OpenScripting
0x00007fff2fda8000 	/System/Library/Frameworks/Carbon.framework/Versions/A/Frameworks/Ink.framework/Versions/A/Ink
0x00007fff2fde4000 	/System/Library/Frameworks/Carbon.framework/Versions/A/Frameworks/Print.framework/Versions/A/Print
0x00007fff2fde5000 	/System/Library/Frameworks/Carbon.framework/Versions/A/Frameworks/SecurityHI.framework/Versions/A/SecurityHI
0x00007fff4a885000 	/System/Library/PrivateFrameworks/DebugSymbols.framework/Versions/A/DebugSymbols
0x0000000122478000 	/Library/Java/JavaVirtualMachines/jdk-11.0.1.jdk/Contents/Home/lib/libawt_lwawt.dylib
0x000000012231a000 	/Library/Java/JavaVirtualMachines/jdk-11.0.1.jdk/Contents/Home/lib/libosxapp.dylib
0x00007fff33467000 	/System/Library/Frameworks/ExceptionHandling.framework/Versions/A/ExceptionHandling
0x00000001227e7000 	/Library/Java/JavaVirtualMachines/jdk-11.0.1.jdk/Contents/Home/lib/libfontmanager.dylib
0x000000012290e000 	/Library/Java/JavaVirtualMachines/jdk-11.0.1.jdk/Contents/Home/lib/libfreetype.dylib
0x00007fff49a3f000 	/System/Library/PrivateFrameworks/CoreServicesInternal.framework/Versions/A/CoreServicesInternal
0x00007fff33486000 	/System/Library/Frameworks/FileProvider.framework/Versions/A/FileProvider
0x00007fff2df64000 	/System/Library/Frameworks/Accounts.framework/Versions/A/Accounts
0x00007fff51d50000 	/System/Library/PrivateFrameworks/GenerationalStorage.framework/Versions/A/GenerationalStorage
0x00007fff605d6000 	/System/Library/PrivateFrameworks/SymptomDiagnosticReporter.framework/Versions/A/SymptomDiagnosticReporter
0x00007fff43b96000 	/System/Library/PrivateFrameworks/AppContainer.framework/Versions/A/AppContainer
0x00007fff6737b000 	/usr/lib/libsandbox.1.dylib
0x00007fff62b06000 	/System/Library/PrivateFrameworks/UserManagement.framework/Versions/A/UserManagement
0x00007fff467a7000 	/System/Library/PrivateFrameworks/ChunkingLibrary.framework/Versions/A/ChunkingLibrary
0x00007fff43c08000 	/System/Library/PrivateFrameworks/AppSandbox.framework/Versions/A/AppSandbox
0x00007fff5dfb3000 	/System/Library/PrivateFrameworks/SecCodeWrapper.framework/Versions/A/SecCodeWrapper
0x00007fff65250000 	/usr/lib/libMatch.1.dylib
0x00007fff25584000 	/System/Library/CoreServices/RawCamera.bundle/Contents/MacOS/RawCamera
0x00007fff5719b000 	/System/Library/PrivateFrameworks/MobileAsset.framework/Versions/A/MobileAsset
0x00007fff60484000 	/System/Library/PrivateFrameworks/StreamingZip.framework/Versions/A/StreamingZip
0x00007fff35bf5000 	/System/Library/Frameworks/MediaToolbox.framework/Versions/A/MediaToolbox
0x00007fff481bf000 	/System/Library/PrivateFrameworks/CoreAVCHD.framework/Versions/A/CoreAVCHD
0x00007fff35b1f000 	/System/Library/Frameworks/MediaAccessibility.framework/Versions/A/MediaAccessibility
0x00007fff56566000 	/System/Library/PrivateFrameworks/Mangrove.framework/Versions/A/Mangrove
0x00007fff32129000 	/System/Library/Frameworks/CoreMedia.framework/Versions/A/CoreMedia
0x00007fff567d2000 	/System/Library/PrivateFrameworks/MediaExperience.framework/Versions/A/MediaExperience
0x00007fff3e9db000 	/System/Library/Frameworks/VideoToolbox.framework/Versions/A/VideoToolbox
0x00007fff47de9000 	/System/Library/PrivateFrameworks/CoreAUC.framework/Versions/A/CoreAUC
0x00007fff673d3000 	/usr/lib/libspindump.dylib
0x00007fff44e4f000 	/System/Library/PrivateFrameworks/AudioResourceArbitration.framework/Versions/A/AudioResourceArbitration
0x00007fff44868000 	/System/Library/PrivateFrameworks/AppleVA.framework/Versions/A/AppleVA
0x00007fff2cca9000 	/System/Library/Frameworks/Accelerate.framework/Versions/A/Frameworks/vImage.framework/Versions/A/Libraries/libCGInterfaces.dylib
0x0000000122201000 	/usr/lib/libobjc-trampolines.dylib
0x00007fff4ce18000 	/System/Library/PrivateFrameworks/FontServices.framework/libTrueTypeScaler.dylib
0x00007fff2805d000 	/System/Library/Extensions/AppleIntelBDWGraphicsMTLDriver.bundle/Contents/MacOS/AppleIntelBDWGraphicsMTLDriver
0x00007fff50386000 	/System/Library/PrivateFrameworks/GPUCompiler.framework/Versions/3902/Libraries/libmetal_timestamp.dylib
0x00007fff638da000 	/System/Library/PrivateFrameworks/ViewBridge.framework/Versions/A/ViewBridge
0x00000001249ea000 	/private/var/folders/sl/7dwfb52x1xg4m1ry8xfnt4rr0000gn/T/libgdxIsabel/f7649394/liblwjgl.dylib
0x0000000124a6c000 	/Library/Java/JavaVirtualMachines/jdk-11.0.1.jdk/Contents/Home/lib/libjawt.dylib
0x0000000124a6f000 	/private/var/folders/sl/7dwfb52x1xg4m1ry8xfnt4rr0000gn/T/libgdxIsabel/f7649394/openal.dylib
0x0000000124adf000 	/System/Library/Components/CoreAudio.component/Contents/MacOS/CoreAudio
0x00007fff4538c000 	/System/Library/PrivateFrameworks/AudioSession.framework/Versions/A/AudioSession
0x00007fff453de000 	/System/Library/PrivateFrameworks/AudioSession.framework/libSessionUtility.dylib
0x0000000124c8a000 	/System/Library/Extensions/AppleHDA.kext/Contents/PlugIns/AppleHDAHALPlugIn.bundle/Contents/MacOS/AppleHDAHALPlugIn
0x00007fff3b7cd000 	/System/Library/Frameworks/OpenGL.framework/Versions/A/Resources/GLEngine.bundle/GLEngine
0x00007fff3abbe000 	/System/Library/Frameworks/OpenGL.framework/Versions/A/Libraries/libGLProgrammability.dylib
0x00007fff27b58000 	/System/Library/Extensions/AppleIntelBDWGraphicsGLDriver.bundle/Contents/MacOS/AppleIntelBDWGraphicsGLDriver
0x00007fff51a22000 	/System/Library/PrivateFrameworks/GPUSupport.framework/Versions/A/Libraries/libGPUSupportMercury.dylib
0x00007fff3b947000 	/System/Library/Frameworks/OpenGL.framework/Versions/A/Resources/GLRendererFloat.bundle/GLRendererFloat
0x00007fff3a181000 	/System/Library/Frameworks/OpenCL.framework/Versions/A/Libraries/libcldcpuengine.dylib
0x00007fff65c11000 	/usr/lib/libcrypto.35.dylib
0x00007fff60fde000 	/System/Library/PrivateFrameworks/TrustEvaluationAgent.framework/Versions/A/TrustEvaluationAgent
0x00007fff64b16000 	/System/Library/PrivateFrameworks/login.framework/Versions/A/login


VM Arguments:
jvm_args: -javaagent:/Applications/IntelliJ IDEA.app/Contents/lib/idea_rt.jar=49741:/Applications/IntelliJ IDEA.app/Contents/bin -Dfile.encoding=UTF-8 
java_command: com.mygdx.game.desktop.DesktopLauncher
java_class_path (initial): /Users/Isabel/Documents/imperial/Third_Year/chess/coding-chess-variants/desktop/build/classes/kotlin/main:/Users/Isabel/Documents/imperial/Third_Year/chess/coding-chess-variants/desktop/build/resources/main:/Users/Isabel/Documents/imperial/Third_Year/chess/coding-chess-variants/core/build/classes/kotlin/main:/Users/Isabel/.gradle/caches/modules-2/files-2.1/com.badlogicgames.gdx/gdx-backend-lwjgl/1.9.11/3c094feb74e2aef14e30e988326612ee75387c8f/gdx-backend-lwjgl-1.9.11.jar:/Users/Isabel/.gradle/caches/modules-2/files-2.1/com.badlogicgames.gdx/gdx-platform/1.9.11/2de1e7285bec0aac89b4d3e55ac33a9f22016f42/gdx-platform-1.9.11-natives-desktop.jar:/Users/Isabel/.gradle/caches/modules-2/files-2.1/com.badlogicgames.gdx/gdx-box2d-platform/1.9.11/52f90a68c9f2ca6d159c5405b6d0bd68db160cb2/gdx-box2d-platform-1.9.11-natives-desktop.jar:/Users/Isabel/.gradle/caches/modules-2/files-2.1/org.jetbrains.kotlin/kotlin-stdlib/1.4.10/ea29e063d2bbe695be13e9d044dcfb0c7add398e/kotlin-stdlib-1.4.10.jar:/Users/Isabel/.gradle/caches/modules-2/files-2.1/com.badlogicgames.gdx/gdx-box2d/1.9.11/e0a73111a2bae182b2452b8b31cd7e79c9d06609/gdx-box2d-1.9.11.jar:/Users/Isabel/.gradle/caches/modules-2/files-2.1/com.badlogicgames.gdx/gdx/1.9.11/69fe46897eed6f92e3f01b75cc7ca5f860881a8b/gdx-1.9.11.jar:/Users/Isabel/Documents/imperial/Third_Year/chess/coding-chess-variants/engine/build/classes/kotlin/main:/Users/Isabel/.gradle/caches/modules-2/files-2.1/io.github.libktx/ktx-app/1.9.10-b2/387ae7a8eae075d53ba81531b4c4a67cdb789972/ktx-app-1.9.10-b2.jar:/Users/Isabel/.gradle/caches/modules-2/files-2.1/org.jetbrains.kotlin/kotlin-stdlib-jdk8/1.4.10/998caa30623f73223194a8b657abd2baec4880ea/kotlin-stdlib-jdk8-1.4.10.jar:/Users/Isabel/.gradle/caches/modules-2/files-2.1/io.github.libktx/ktx-collections/1.9.10-b2/ccc596de7d85862b22fd86396e602ff34bfe7851/ktx-collections-1.9.10-b2.jar:/Users/Isabel/.gradle/caches/modules-2/files-2.1/io.github.libktx/ktx-graphics/1.9.10-b2/6b2357bd06ba5aa54b17b18
Launcher Type: SUN_STANDARD

[Global flags]
     intx CICompilerCount                          = 3                                         {product} {ergonomic}
     uint ConcGCThreads                            = 1                                         {product} {ergonomic}
     uint G1ConcRefinementThreads                  = 4                                         {product} {ergonomic}
   size_t G1HeapRegionSize                         = 1048576                                   {product} {ergonomic}
    uintx GCDrainStackTargetSize                   = 64                                        {product} {ergonomic}
   size_t InitialHeapSize                          = 67108864                                  {product} {ergonomic}
   size_t MarkStackSize                            = 4194304                                   {product} {ergonomic}
   size_t MaxHeapSize                              = 1073741824                                {product} {ergonomic}
   size_t MaxNewSize                               = 643825664                                 {product} {ergonomic}
   size_t MinHeapDeltaBytes                        = 1048576                                   {product} {ergonomic}
    uintx NonNMethodCodeHeapSize                   = 5830092                                {pd product} {ergonomic}
    uintx NonProfiledCodeHeapSize                  = 122914074                              {pd product} {ergonomic}
    uintx ProfiledCodeHeapSize                     = 122914074                              {pd product} {ergonomic}
    uintx ReservedCodeCacheSize                    = 251658240                              {pd product} {ergonomic}
     bool SegmentedCodeCache                       = true                                      {product} {ergonomic}
     bool UseCompressedClassPointers               = true                                 {lp64_product} {ergonomic}
     bool UseCompressedOops                        = true                                 {lp64_product} {ergonomic}
     bool UseG1GC                                  = true                                      {product} {ergonomic}

Logging:
Log output configuration:
 #0: stdout all=warning uptime,level,tags
 #1: stderr all=off uptime,level,tags

Environment Variables:
PATH=/usr/local/bin:/usr/bin:/bin:/usr/sbin:/sbin:/opt/X11/bin:/Applications/Wireshark.app/Contents/MacOS
SHELL=/bin/zsh
DISPLAY=/private/tmp/com.apple.launchd.3kJu98Iaqm/org.macosforge.xquartz:0

Signal Handlers:
SIGSEGV: [libjvm.dylib+0x7525b4], sa_mask[0]=11111111011111110111111111111111, sa_flags=SA_ONSTACK|SA_RESTART|SA_SIGINFO
SIGBUS: [libjvm.dylib+0x7525b4], sa_mask[0]=11111111011111110111111111111111, sa_flags=SA_RESTART|SA_SIGINFO
SIGFPE: [libjvm.dylib+0x7525b4], sa_mask[0]=11111111011111110111111111111111, sa_flags=SA_RESTART|SA_SIGINFO
SIGPIPE: [libjvm.dylib+0x602b72], sa_mask[0]=11111111011111110111111111111111, sa_flags=SA_RESTART|SA_SIGINFO
SIGXFSZ: [libjvm.dylib+0x602b72], sa_mask[0]=11111111011111110111111111111111, sa_flags=SA_RESTART|SA_SIGINFO
SIGILL: [libjvm.dylib+0x7525b4], sa_mask[0]=11111111011111110111111111111111, sa_flags=SA_RESTART|SA_SIGINFO
SIGUSR2: [libjvm.dylib+0x603157], sa_mask[0]=00100000000000000000000000000000, sa_flags=SA_RESTART|SA_SIGINFO
SIGHUP: [libjvm.dylib+0x601bb3], sa_mask[0]=11111111011111110111111111111111, sa_flags=SA_RESTART|SA_SIGINFO
SIGINT: [libjvm.dylib+0x601bb3], sa_mask[0]=11111111011111110111111111111111, sa_flags=SA_RESTART|SA_SIGINFO
SIGTERM: [libjvm.dylib+0x601bb3], sa_mask[0]=11111111011111110111111111111111, sa_flags=SA_RESTART|SA_SIGINFO
SIGQUIT: [libjvm.dylib+0x601bb3], sa_mask[0]=11111111011111110111111111111111, sa_flags=SA_RESTART|SA_SIGINFO


---------------  S Y S T E M  ---------------

OS:uname:Darwin 19.2.0 Darwin Kernel Version 19.2.0: Sat Nov  9 03:47:04 PST 2019; root:xnu-6153.61.1~20/RELEASE_X86_64 x86_64
rlimit: STACK 8192k, CORE 0k, NPROC 1392, NOFILE 10240, AS infinity, DATA infinity, FSIZE infinity
load average:16.53 15.92 12.62

CPU:total 4 (initial active 4) (2 cores per cpu, 2 threads per core) family 6 model 61 stepping 4, cmov, cx8, fxsr, mmx, sse, sse2, sse3, ssse3, sse4.1, sse4.2, popcnt, avx, avx2, aes, clmul, erms, 3dnowpref, lzcnt, ht, tsc, tscinvbit, bmi1, bmi2, adx, fma

Memory: 4k page, physical 4194304k(28472k free)

vm_info: Java HotSpot(TM) 64-Bit Server VM (11.0.1+13-LTS) for bsd-amd64 JRE (11.0.1+13-LTS), built on Oct  6 2018 12:16:08 by "mach5one" with gcc 4.2.1 Compatible Apple LLVM 9.1.0 (clang-902.0.39.2)

END.
